0 info it worked if it ends with ok
1 verbose cli [ '/usr/bin/node', '/usr/bin/npm', 'install', '–g', 'weinre' ]
2 info using npm@1.4.9
3 info using node@v0.10.28
4 verbose node symlink /usr/bin/node
5 verbose cache add [ '–g', null ]
6 verbose cache add name=undefined spec="–g" args=["–g",null]
7 verbose parsed url { protocol: null,
7 verbose parsed url   slashes: null,
7 verbose parsed url   auth: null,
7 verbose parsed url   host: null,
7 verbose parsed url   port: null,
7 verbose parsed url   hostname: null,
7 verbose parsed url   hash: null,
7 verbose parsed url   search: null,
7 verbose parsed url   query: null,
7 verbose parsed url   pathname: '–g',
7 verbose parsed url   path: '–g',
7 verbose parsed url   href: '–g' }
8 verbose cache add [ 'weinre', null ]
9 verbose cache add name=undefined spec="weinre" args=["weinre",null]
10 verbose parsed url { protocol: null,
10 verbose parsed url   slashes: null,
10 verbose parsed url   auth: null,
10 verbose parsed url   host: null,
10 verbose parsed url   port: null,
10 verbose parsed url   hostname: null,
10 verbose parsed url   hash: null,
10 verbose parsed url   search: null,
10 verbose parsed url   query: null,
10 verbose parsed url   pathname: 'weinre',
10 verbose parsed url   path: 'weinre',
10 verbose parsed url   href: 'weinre' }
11 silly lockFile 51e00793-g –g
12 verbose lock –g /home/adones/.npm/51e00793-g.lock
13 silly lockFile 752ed9cc-weinre weinre
14 verbose lock weinre /home/adones/.npm/752ed9cc-weinre.lock
15 silly lockFile 51e00793-g –g
16 silly lockFile 51e00793-g –g
17 verbose addNamed [ '–g', '' ]
18 verbose addNamed [ null, '*' ]
19 silly lockFile 72e0e7f9-g –g@
20 verbose lock –g@ /home/adones/.npm/72e0e7f9-g.lock
21 silly lockFile 752ed9cc-weinre weinre
22 silly lockFile 752ed9cc-weinre weinre
23 verbose addNamed [ 'weinre', '' ]
24 verbose addNamed [ null, '*' ]
25 silly lockFile c2e6926c-weinre weinre@
26 verbose lock weinre@ /home/adones/.npm/c2e6926c-weinre.lock
27 silly addNameRange { name: '–g', range: '*', hasData: false }
28 verbose url raw –g
29 verbose url resolving [ 'https://registry.npmjs.org/', './%E2%80%93g' ]
30 verbose url resolved https://registry.npmjs.org/%E2%80%93g
31 info trying registry request attempt 1 at 22:10:11
32 http GET https://registry.npmjs.org/%E2%80%93g
33 silly addNameRange { name: 'weinre', range: '*', hasData: false }
34 verbose url raw weinre
35 verbose url resolving [ 'https://registry.npmjs.org/', './weinre' ]
36 verbose url resolved https://registry.npmjs.org/weinre
37 info trying registry request attempt 1 at 22:10:11
38 http GET https://registry.npmjs.org/weinre
39 http 404 https://registry.npmjs.org/%E2%80%93g
40 verbose headers { date: 'Tue, 22 Jul 2014 14:10:13 GMT',
40 verbose headers   server: 'CouchDB/1.5.0 (Erlang OTP/R16B03)',
40 verbose headers   'content-type': 'application/json',
40 verbose headers   'cache-control': 'max-age=0',
40 verbose headers   'content-length': '52',
40 verbose headers   'accept-ranges': 'bytes',
40 verbose headers   via: '1.1 varnish',
40 verbose headers   age: '0',
40 verbose headers   'x-served-by': 'cache-hk91-HKG',
40 verbose headers   'x-cache': 'MISS',
40 verbose headers   'x-cache-hits': '0',
40 verbose headers   'x-timer': 'S1406038212.530415,VS0,VE927',
40 verbose headers   'keep-alive': 'timeout=10, max=50',
40 verbose headers   connection: 'Keep-Alive' }
41 silly registry.get cb [ 404,
41 silly registry.get   { date: 'Tue, 22 Jul 2014 14:10:13 GMT',
41 silly registry.get     server: 'CouchDB/1.5.0 (Erlang OTP/R16B03)',
41 silly registry.get     'content-type': 'application/json',
41 silly registry.get     'cache-control': 'max-age=0',
41 silly registry.get     'content-length': '52',
41 silly registry.get     'accept-ranges': 'bytes',
41 silly registry.get     via: '1.1 varnish',
41 silly registry.get     age: '0',
41 silly registry.get     'x-served-by': 'cache-hk91-HKG',
41 silly registry.get     'x-cache': 'MISS',
41 silly registry.get     'x-cache-hits': '0',
41 silly registry.get     'x-timer': 'S1406038212.530415,VS0,VE927',
41 silly registry.get     'keep-alive': 'timeout=10, max=50',
41 silly registry.get     connection: 'Keep-Alive' } ]
42 silly lockFile 72e0e7f9-g –g@
43 silly lockFile 72e0e7f9-g –g@
44 error 404 404 Not Found: %E2%80%93g
44 error 404
44 error 404 '%E2%80%93g' is not in the npm registry.
44 error 404 You should bug the author to publish it
44 error 404
44 error 404 Note that you can also install from a
44 error 404 tarball, folder, or http url, or git url.
45 error System Linux 3.13.0-32-generic
46 error command "/usr/bin/node" "/usr/bin/npm" "install" "–g" "weinre"
47 error cwd /home/adones/Phonegap/PNPAA-Mobile
48 error node -v v0.10.28
49 error npm -v 1.4.9
50 error code E404
51 verbose exit [ 1, true ]
